make all --print-data-base --no-builtin-variables --no-builtin-rules --question
# GNU Make 4.2.1
# Built for x86_64-pc-linux-gnu
# Copyright (C) 1988-2016 Free Software Foundation, Inc.
# License GPLv3+: GNU GPL version 3 or later <http://gnu.org/licenses/gpl.html>
# This is free software: you are free to change and redistribute it.
# There is NO WARRANTY, to the extent permitted by law.

# Make data base, printed on Tue Jul 12 22:37:04 2022

# Variables

# automatic
<D = $(patsubst %/,%,$(dir $<))
# automatic
?F = $(notdir $?)
# default
.SHELLFLAGS := -c
# environment
VSCODE_AGENT_FOLDER = /home/b386zhan/.vscode-server
# automatic
?D = $(patsubst %/,%,$(dir $?))
# automatic
@D = $(patsubst %/,%,$(dir $@))
# automatic
@F = $(notdir $@)
# makefile (from 'Makefile', line 12)
LDLIBS = $(LDLIBS_XML2) $(LDLIBS_CURL) 
# makefile
CURDIR := /home/b386zhan/G_203_9/lab4
# makefile
SHELL = /bin/sh
# makefile (from 'Makefile', line 10)
LDLIBS_XML2 = $(shell xml2-config --libs)
# environment
VSCODE_NLS_CONFIG = {"locale":"en","availableLanguages":{}}
# environment
_ = /home/b386zhan/.vscode-server/bin/b06ae3b2d2dbfe28bca3134cc6be65935cdfea6a/bin/code-server
# makefile (from 'Makefile', line 7)
CFLAGS = -Wall $(CFLAGS_XML2) $(CFLAGS_CURL) -std=gnu99 -g -DDEBUG1_
# makefile (from 'Makefile', line 5)
CFLAGS_XML2 = $(shell xml2-config --cflags)
# makefile (from 'Makefile', line 1)
MAKEFILE_LIST :=  Makefile
# 'override' directive
GNUMAKEFLAGS := 
# makefile (from 'Makefile', line 16)
OBJS_FINDPNG2 = findpng2.o $(LIB_UTIL) 
# environment
MACHTYPE = x86_64
# environment
VSCODE_CWD = /home/b386zhan
# makefile (from 'Makefile', line 11)
LDLIBS_CURL = $(shell curl-config --libs)
# environment
KRB5CCNAME = FILE:/tmp/krb5cc_2797_ZCJn5s
# environment
SSH_CONNECTION = 10.40.86.144 13510 129.97.92.188 22
# environment
PATH = /home/b386zhan/.vscode-server/bin/b06ae3b2d2dbfe28bca3134cc6be65935cdfea6a/bin/remote-cli:/usr/local/sbin:/usr/local/bin:/usr/sbin:/usr/bin:/sbin:/bin:/usr/games:/usr/local/games:/snap/bin
# makefile (from 'Makefile', line 8)
LD = gcc
# makefile (from 'Makefile', line 6)
CFLAGS_CURL = $(shell curl-config --cflags)
# environment
VENDOR = unknown
# environment
ELECTRON_RUN_AS_NODE = 1
# environment
VSCODE_IPC_HOOK_CLI = /tmp/vscode-ipc-94c2c851-9d6b-4982-a1cc-3dae4aeb73ea.sock
# makefile (from 'Makefile', line 9)
LDFLAGS = -std=gnu99 -g 
# default
.FEATURES := target-specific order-only second-expansion else-if shortest-stem undefine oneshell archives jobserver output-sync check-symlink load
# automatic
%F = $(notdir $%)
# environment
PWD = /home/b386zhan/G_203_9/lab4
# default
.LOADED := 
# automatic
*D = $(patsubst %/,%,$(dir $*))
# environment
VSCODE_AMD_ENTRYPOINT = vs/workbench/api/node/extensionHostProcess
# environment
HOME = /home/b386zhan
# environment
LOGNAME = b386zhan
# environment
APPLICATION_INSIGHTS_NO_DIAGNOSTIC_CHANNEL = 1
# automatic
+F = $(notdir $+)
# environment
VSCODE_HANDLES_UNCAUGHT_ERRORS = true
# automatic
^D = $(patsubst %/,%,$(dir $^))
# environment
MAKELEVEL := 0
# default
MAKE = $(MAKE_COMMAND)
# default
MAKECMDGOALS := all
# environment
OSTYPE = linux
# makefile (from 'Makefile', line 15)
SRCS = findpng2.c 
# environment
SHLVL = 2
# makefile (from 'Makefile', line 4)
CC = gcc 
# default
MAKE_VERSION := 4.2.1
# environment
USER = b386zhan
# makefile
.DEFAULT_GOAL := all
# automatic
%D = $(patsubst %/,%,$(dir $%))
# default
MAKE_COMMAND := make
# environment
OLDPWD = /home/b386zhan/.vscode-server/bin/b06ae3b2d2dbfe28bca3134cc6be65935cdfea6a
# default
.VARIABLES := 
# automatic
*F = $(notdir $*)
# environment
LANGUAGE = en_CA:en
# makefile (from 'Makefile', line 18)
TARGETS = findpng2
# makefile
MAKEFLAGS = pqrR
# environment
MFLAGS = -pqrR
# environment
SSH_CLIENT = 10.40.86.144 13510 22
# automatic
+D = $(patsubst %/,%,$(dir $+))
# environment
BROWSER = /home/b386zhan/.vscode-server/bin/b06ae3b2d2dbfe28bca3134cc6be65935cdfea6a/bin/helpers/browser.sh
# environment
VSCODE_HANDLES_SIGPIPE = true
# default
MAKEFILES := 
# automatic
<F = $(notdir $<)
# environment
LC_ALL = C
# environment
HOSTTYPE = x86_64-linux
# automatic
^F = $(notdir $^)
# default
SUFFIXES := 
# environment
GROUP = users
# default
.INCLUDE_DIRS = /usr/include /usr/local/include /usr/include
# default
.RECIPEPREFIX := 
# default
MAKE_HOST := x86_64-pc-linux-gnu
# environment
LANG = C
# environment
MOTD_SHOWN = pam
# environment
HOST = eceubuntu4
# variable set hash-table stats:
# Load=78/1024=8%, Rehash=0, Collisions=7/119=6%

# Pattern-specific Variable Values

# No pattern-specific variable values.

# Directories

# . (device 57, inode 34552180): 10 files, no impossibilities.

# 10 files, no impossibilities in 1 directories.

# Implicit Rules

%.o: %.c
#  recipe to execute (from 'Makefile', line 26):
	$(CC) $(CFLAGS) -c $< 

# 1 implicit rules, 0 (0.0%) terminal.

# Files

findpng2: findpng2.o
#  Implicit rule search has not been done.
#  Last modified 2022-07-12 19:38:51.067648828
#  File has been updated.
#  Needs to be updated (-q is set).
# variable set hash-table stats:
# Load=0/32=0%, Rehash=0, Collisions=0/13=0%
#  recipe to execute (from 'Makefile', line 23):
	$(LD) -o $@ $^ $(LDLIBS) $(LDFLAGS) 

# 'override' directive
findpng2.o: .SHELLSTATUS := 0
findpng2.o: findpng2.c
#  Implicit rule search has been done.
#  Implicit/static pattern stem: 'findpng2'
#  Last modified 2022-07-12 19:38:50.855649207
#  File has been updated.
#  Needs to be updated (-q is set).
# automatic
# @ := findpng2.o
# automatic
# % := 
# automatic
# * := findpng2
# automatic
# + := findpng2.c
# automatic
# | := 
# automatic
# < := findpng2.c
# automatic
# ^ := findpng2.c
# automatic
# ? := findpng2.c
# variable set hash-table stats:
# Load=9/32=28%, Rehash=0, Collisions=5/24=21%
#  recipe to execute (from 'Makefile', line 26):
	$(CC) $(CFLAGS) -c $< 

all: findpng2
#  Command line target.
#  Implicit rule search has been done.
#  File does not exist.
#  File has been updated.
#  Needs to be updated (-q is set).
# variable set hash-table stats:
# Load=0/32=0%, Rehash=0, Collisions=0/13=0%

.PHONY: clean
#  Implicit rule search has not been done.
#  Modification time never checked.
#  File has not been updated.

# Not a target:
Makefile:
#  Implicit rule search has been done.
#  Last modified 2022-07-04 21:55:44.15887803
#  File has been updated.
#  Successfully updated.

# Not a target:
findpng2.c:
#  Implicit rule search has been done.
#  Last modified 2022-07-12 19:56:17.457776088
#  File has been updated.
#  Successfully updated.

# Not a target:
.DEFAULT:
#  Implicit rule search has not been done.
#  Modification time never checked.
#  File has not been updated.

clean:
#  Phony target (prerequisite of .PHONY).
#  Implicit rule search has not been done.
#  File does not exist.
#  File has not been updated.
#  recipe to execute (from 'Makefile', line 31):
	rm -f *~ *.d *.o $(TARGETS) *.png *.html

# files hash-table stats:
# Load=9/1024=1%, Rehash=0, Collisions=0/28=0%
# VPATH Search Paths

# No 'vpath' search paths.

# No general ('VPATH' variable) search path.

# strcache buffers: 1 (0) / strings = 19 / storage = 179 B / avg = 9 B
# current buf: size = 8162 B / used = 179 B / count = 19 / avg = 9 B

# strcache performance: lookups = 35 / hit rate = 45%
# hash-table stats:
 
# Load=19/8192=0%, Rehash=0, Collisions=1/35=3%
# Finished Make data base on Tue Jul 12 22:37:05 2022

 
